2004.08.26 16:09 B E:\Documents and Settings\Adam Knox\Desktop\SKATE WORLD UNCLEAN\public_html\store\site\templates\abstract.html <-- Skate world /public_html/store/site/templates abstract.html
2004.08.26 16:09 B E:\Documents and Settings\Adam Knox\Desktop\SKATE WORLD UNCLEAN\public_html\store\site\templates\business.html <-- Skate world /public_html/store/site/templates business.html
2004.08.26 16:09 B E:\Documents and Settings\Adam Knox\Desktop\SKATE WORLD UNCLEAN\public_html\store\site\templates\home.html <-- Skate world /public_html/store/site/templates home.html
2004.08.26 16:09 B E:\Documents and Settings\Adam Knox\Desktop\SKATE WORLD UNCLEAN\public_html\store\site\templates\iframes.html <-- Skate world /public_html/store/site/templates iframes.html
2004.08.26 16:10 B E:\Documents and Settings\Adam Knox\Desktop\SKATE WORLD UNCLEAN\public_html\store\site\templates\index.gif <-- Skate world /public_html/store/site/templates index.gif
2004.08.26 16:10 B E:\Documents and Settings\Adam Knox\Desktop\SKATE WORLD UNCLEAN\public_html\store\site\templates\index.html <-- Skate world /public_html/store/site/templates index.html
2004.08.26 16:10 B E:\Documents and Settings\Adam Knox\Desktop\SKATE WORLD UNCLEAN\public_html\store\site\templates\mm_menu.js <-- Skate world /public_html/store/site/templates mm_menu.js
2004.08.26 16:10 B E:\Documents and Settings\Adam Knox\Desktop\SKATE WORLD UNCLEAN\public_html\store\site\templates\personal.html <-- Skate world /public_html/store/site/templates personal.html
2004.08.26 16:10 B E:\Documents and Settings\Adam Knox\Desktop\SKATE WORLD UNCLEAN\public_html\store\site\templates\style.css <-- Skate world /public_html/store/site/templates style.css
2004.08.26 16:10 B E:\Documents and Settings\Adam Knox\Desktop\SKATE WORLD UNCLEAN\public_html\store\site\templates\tables.html <-- Skate world /public_html/store/site/templates tables.html
2004.08.26 16:10 B E:\Documents and Settings\Adam Knox\Desktop\SKATE WORLD UNCLEAN\public_html\store\site\templates\tech.html <-- Skate world /public_html/store/site/templates tech.html
2004.08.26 21:45 B E:\Documents and Settings\Adam Knox\Desktop\Skate world redone\ventaja\site\templates\abstract.html --> ftp.skate-world.net /public_html/ventaja/site/templates abstract.html
2004.08.26 21:45 B E:\Documents and Settings\Adam Knox\Desktop\Skate world redone\ventaja\site\templates\business.html --> ftp.skate-world.net /public_html/ventaja/site/templates business.html
2004.08.26 21:45 B E:\Documents and Settings\Adam Knox\Desktop\Skate world redone\ventaja\site\templates\home.html --> ftp.skate-world.net /public_html/ventaja/site/templates home.html
2004.08.26 21:45 B E:\Documents and Settings\Adam Knox\Desktop\Skate world redone\ventaja\site\templates\iframes.html --> ftp.skate-world.net /public_html/ventaja/site/templates iframes.html
2004.08.26 21:45 B E:\Documents and Settings\Adam Knox\Desktop\Skate world redone\ventaja\site\templates\index.gif --> ftp.skate-world.net /public_html/ventaja/site/templates index.gif
2004.08.26 21:45 B E:\Documents and Settings\Adam Knox\Desktop\Skate world redone\ventaja\site\templates\index.html --> ftp.skate-world.net /public_html/ventaja/site/templates index.html
2004.08.26 21:45 B E:\Documents and Settings\Adam Knox\Desktop\Skate world redone\ventaja\site\templates\mm_menu.js --> ftp.skate-world.net /public_html/ventaja/site/templates mm_menu.js
2004.08.26 21:45 B E:\Documents and Settings\Adam Knox\Desktop\Skate world redone\ventaja\site\templates\personal.html --> ftp.skate-world.net /public_html/ventaja/site/templates personal.html
2004.08.26 21:45 B E:\Documents and Settings\Adam Knox\Desktop\Skate world redone\ventaja\site\templates\style.css --> ftp.skate-world.net /public_html/ventaja/site/templates style.css
2004.08.26 21:45 B E:\Documents and Settings\Adam Knox\Desktop\Skate world redone\ventaja\site\templates\tables.html --> ftp.skate-world.net /public_html/ventaja/site/templates tables.html
2004.08.26 21:45 B E:\Documents and Settings\Adam Knox\Desktop\Skate world redone\ventaja\site\templates\tech.html --> ftp.skate-world.net /public_html/ventaja/site/templates tech.html
2004.09.08 08:04 B E:\Documents and Settings\Adam Knox\Desktop\Skate World\subdomains\Ventaja Designs\6 Old Designs\V1\site\templates\WS_FTP.LOG <-- Skate world /public_html/ventaja/site/templates WS_FTP.LOG
