2003.11.16 01:23 B E:\Documents and Settings\Adam Knox\My Documents\Web Sites\future skate world\html\current design\site\hosting\deal1.html --> ftp.skate-world.net /public_html/betasite/site/hosting deal1.html
2003.11.16 01:23 B E:\Documents and Settings\Adam Knox\My Documents\Web Sites\future skate world\html\current design\site\hosting\deal2.html --> ftp.skate-world.net /public_html/betasite/site/hosting deal2.html
2003.11.16 01:23 B E:\Documents and Settings\Adam Knox\My Documents\Web Sites\future skate world\html\current design\site\hosting\deal3.html --> ftp.skate-world.net /public_html/betasite/site/hosting deal3.html
2003.11.16 01:23 B E:\Documents and Settings\Adam Knox\My Documents\Web Sites\future skate world\html\current design\site\hosting\deal4.html --> ftp.skate-world.net /public_html/betasite/site/hosting deal4.html
2003.11.16 01:23 B E:\Documents and Settings\Adam Knox\My Documents\Web Sites\future skate world\html\current design\site\hosting\hosting.html --> ftp.skate-world.net /public_html/betasite/site/hosting hosting.html
2003.11.17 15:38 B E:\Documents and Settings\Adam Knox\My Documents\Web Sites\future skate world\html\current design\site\hosting\deal1.html --> ftp.skate-world.net /public_html/site/hosting deal1.html
2003.11.17 15:38 B E:\Documents and Settings\Adam Knox\My Documents\Web Sites\future skate world\html\current design\site\hosting\deal2.html --> ftp.skate-world.net /public_html/site/hosting deal2.html
2003.11.17 15:38 B E:\Documents and Settings\Adam Knox\My Documents\Web Sites\future skate world\html\current design\site\hosting\deal3.html --> ftp.skate-world.net /public_html/site/hosting deal3.html
2003.11.17 15:38 B E:\Documents and Settings\Adam Knox\My Documents\Web Sites\future skate world\html\current design\site\hosting\deal4.html --> ftp.skate-world.net /public_html/site/hosting deal4.html
2003.11.17 15:38 B E:\Documents and Settings\Adam Knox\My Documents\Web Sites\future skate world\html\current design\site\hosting\deals.html --> ftp.skate-world.net /public_html/site/hosting deals.html
2003.11.17 15:38 B E:\Documents and Settings\Adam Knox\My Documents\Web Sites\future skate world\html\current design\site\hosting\hosting.html --> ftp.skate-world.net /public_html/site/hosting hosting.html
2003.11.17 15:38 B E:\Documents and Settings\Adam Knox\My Documents\Web Sites\future skate world\html\current design\site\hosting\termsofservice.html --> ftp.skate-world.net /public_html/site/hosting termsofservice.html
2003.11.17 15:38 B E:\Documents and Settings\Adam Knox\My Documents\Web Sites\future skate world\html\current design\site\hosting\WS_FTP.LOG --> ftp.skate-world.net /public_html/site/hosting WS_FTP.LOG
2003.11.29 13:45 B E:\Documents and Settings\Adam Knox\My Documents\Web Sites\future skate world\html\current design\site\hosting\deal1.html --> ftp.skate-world.net /public_html/site/hosting deal1.html
2003.11.29 13:45 B E:\Documents and Settings\Adam Knox\My Documents\Web Sites\future skate world\html\current design\site\hosting\deal2.html --> ftp.skate-world.net /public_html/site/hosting deal2.html
2003.11.29 13:45 B E:\Documents and Settings\Adam Knox\My Documents\Web Sites\future skate world\html\current design\site\hosting\deal3.html --> ftp.skate-world.net /public_html/site/hosting deal3.html
2003.11.29 13:45 B E:\Documents and Settings\Adam Knox\My Documents\Web Sites\future skate world\html\current design\site\hosting\deal4.html --> ftp.skate-world.net /public_html/site/hosting deal4.html
2003.11.29 13:45 B E:\Documents and Settings\Adam Knox\My Documents\Web Sites\future skate world\html\current design\site\hosting\deals.html --> ftp.skate-world.net /public_html/site/hosting deals.html
2003.11.29 13:45 B E:\Documents and Settings\Adam Knox\My Documents\Web Sites\future skate world\html\current design\site\hosting\disabled.html --> ftp.skate-world.net /public_html/site/hosting disabled.html
2003.11.29 13:45 B E:\Documents and Settings\Adam Knox\My Documents\Web Sites\future skate world\html\current design\site\hosting\hosting.html --> ftp.skate-world.net /public_html/site/hosting hosting.html
2003.11.29 13:45 B E:\Documents and Settings\Adam Knox\My Documents\Web Sites\future skate world\html\current design\site\hosting\termsofservice.html --> ftp.skate-world.net /public_html/site/hosting termsofservice.html
2003.11.29 13:45 B E:\Documents and Settings\Adam Knox\My Documents\Web Sites\future skate world\html\current design\site\hosting\WS_FTP.LOG --> ftp.skate-world.net /public_html/site/hosting WS_FTP.LOG
