2005.02.04 21:03 B G:\Documents and Settings\bilbo\My Documents\Programming\Web Sites\Ventaja Designs\1 - site\blocks\choosetheme.php <-- Switch Skate /public_html/switch/blocks choosetheme.php
2005.02.04 21:03 B G:\Documents and Settings\bilbo\My Documents\Programming\Web Sites\Ventaja Designs\1 - site\blocks\extrablockone.php <-- Switch Skate /public_html/switch/blocks extrablockone.php
2005.02.04 21:03 B G:\Documents and Settings\bilbo\My Documents\Programming\Web Sites\Ventaja Designs\1 - site\blocks\extrablockthree.php <-- Switch Skate /public_html/switch/blocks extrablockthree.php
2005.02.04 21:03 B G:\Documents and Settings\bilbo\My Documents\Programming\Web Sites\Ventaja Designs\1 - site\blocks\extrablocktwo.php <-- Switch Skate /public_html/switch/blocks extrablocktwo.php
2005.02.04 21:03 B G:\Documents and Settings\bilbo\My Documents\Programming\Web Sites\Ventaja Designs\1 - site\blocks\googlesearch.php <-- Switch Skate /public_html/switch/blocks googlesearch.php
2005.02.04 21:03 B G:\Documents and Settings\bilbo\My Documents\Programming\Web Sites\Ventaja Designs\1 - site\blocks\mailinglist.php <-- Switch Skate /public_html/switch/blocks mailinglist.php
2005.02.04 21:03 B G:\Documents and Settings\bilbo\My Documents\Programming\Web Sites\Ventaja Designs\1 - site\blocks\navigation.php <-- Switch Skate /public_html/switch/blocks navigation.php
2005.02.04 21:03 B G:\Documents and Settings\bilbo\My Documents\Programming\Web Sites\Ventaja Designs\1 - site\blocks\signin.php <-- Switch Skate /public_html/switch/blocks signin.php
2005.02.04 21:03 B G:\Documents and Settings\bilbo\My Documents\Programming\Web Sites\Ventaja Designs\1 - site\blocks\statistics.php <-- Switch Skate /public_html/switch/blocks statistics.php
2005.02.04 21:06 B G:\Documents and Settings\bilbo\My Documents\Programming\Web Sites\Ventaja Designs\1 - site\blocks\extrablocktwo.php --> host215.ipowerweb.com /public_html/switch/blocks extrablocktwo.php
2005.02.04 21:09 B G:\Documents and Settings\bilbo\My Documents\Programming\Web Sites\Ventaja Designs\1 - site\blocks\extrablocktwo.php --> host215.ipowerweb.com /public_html/switch/blocks extrablocktwo.php
2005.02.04 21:13 B G:\Documents and Settings\bilbo\My Documents\Programming\Web Sites\Ventaja Designs\1 - site\blocks\extrablocktwo.php --> host215.ipowerweb.com /public_html/switch/blocks extrablocktwo.php
2005.02.04 21:15 B G:\Documents and Settings\bilbo\My Documents\Programming\Web Sites\Ventaja Designs\1 - site\blocks\extrablocktwo.php --> host215.ipowerweb.com /public_html/switch/blocks extrablocktwo.php
2005.02.04 21:16 B G:\Documents and Settings\bilbo\My Documents\Programming\Web Sites\Ventaja Designs\1 - site\blocks\extrablocktwo.php --> host215.ipowerweb.com /public_html/switch/blocks extrablocktwo.php
2005.02.04 21:16 B G:\Documents and Settings\bilbo\My Documents\Programming\Web Sites\Ventaja Designs\1 - site\blocks\extrablocktwo.php --> host215.ipowerweb.com /public_html/switch/blocks extrablocktwo.php
2005.02.04 21:17 B G:\Documents and Settings\bilbo\My Documents\Programming\Web Sites\Ventaja Designs\1 - site\blocks\extrablocktwo.php --> host215.ipowerweb.com /public_html/switch/blocks extrablocktwo.php
2005.02.04 21:17 B G:\Documents and Settings\bilbo\My Documents\Programming\Web Sites\Ventaja Designs\1 - site\blocks\extrablocktwo.php --> host215.ipowerweb.com /public_html/switch/blocks extrablocktwo.php
2005.02.04 21:18 B G:\Documents and Settings\bilbo\My Documents\Programming\Web Sites\Ventaja Designs\1 - site\blocks\extrablocktwo.php --> host215.ipowerweb.com /public_html/switch/blocks extrablocktwo.php
2005.02.16 22:33 B G:\Documents and Settings\bilbo\My Documents\Programming\Web Sites\Ventaja Designs\1 - site\blocks\extrablockone.php --> host215.ipowerweb.com /public_html/vme/blocks extrablockone.php
2005.02.16 22:33 B G:\Documents and Settings\bilbo\My Documents\Programming\Web Sites\Ventaja Designs\1 - site\blocks\choosetheme.php <-- Switch Skate /public_html/vme/blocks choosetheme.php
2005.02.16 22:33 B G:\Documents and Settings\bilbo\My Documents\Programming\Web Sites\Ventaja Designs\1 - site\blocks\extrablockone.php <-- Switch Skate /public_html/vme/blocks extrablockone.php
2005.02.16 22:33 B G:\Documents and Settings\bilbo\My Documents\Programming\Web Sites\Ventaja Designs\1 - site\blocks\extrablockthree.php <-- Switch Skate /public_html/vme/blocks extrablockthree.php
2005.02.16 22:33 B G:\Documents and Settings\bilbo\My Documents\Programming\Web Sites\Ventaja Designs\1 - site\blocks\extrablocktwo.php <-- Switch Skate /public_html/vme/blocks extrablocktwo.php
2005.02.16 22:33 B G:\Documents and Settings\bilbo\My Documents\Programming\Web Sites\Ventaja Designs\1 - site\blocks\googlesearch.php <-- Switch Skate /public_html/vme/blocks googlesearch.php
2005.02.16 22:33 B G:\Documents and Settings\bilbo\My Documents\Programming\Web Sites\Ventaja Designs\1 - site\blocks\mailinglist.php <-- Switch Skate /public_html/vme/blocks mailinglist.php
2005.02.16 22:33 B G:\Documents and Settings\bilbo\My Documents\Programming\Web Sites\Ventaja Designs\1 - site\blocks\navigation.php <-- Switch Skate /public_html/vme/blocks navigation.php
2005.02.16 22:33 B G:\Documents and Settings\bilbo\My Documents\Programming\Web Sites\Ventaja Designs\1 - site\blocks\signin.php <-- Switch Skate /public_html/vme/blocks signin.php
2005.02.16 22:33 B G:\Documents and Settings\bilbo\My Documents\Programming\Web Sites\Ventaja Designs\1 - site\blocks\statistics.php <-- Switch Skate /public_html/vme/blocks statistics.php
2005.02.16 22:35 B G:\Documents and Settings\bilbo\My Documents\Programming\Web Sites\Ventaja Designs\1 - site\blocks\choosetheme.php --> host215.ipowerweb.com /public_html/vme/blocks choosetheme.php
2005.02.16 22:35 B G:\Documents and Settings\bilbo\My Documents\Programming\Web Sites\Ventaja Designs\1 - site\blocks\extrablockone.php --> host215.ipowerweb.com /public_html/vme/blocks extrablockone.php
2005.02.16 22:35 B G:\Documents and Settings\bilbo\My Documents\Programming\Web Sites\Ventaja Designs\1 - site\blocks\extrablockthree.php --> host215.ipowerweb.com /public_html/vme/blocks extrablockthree.php
2005.02.16 22:35 B G:\Documents and Settings\bilbo\My Documents\Programming\Web Sites\Ventaja Designs\1 - site\blocks\extrablocktwo.php --> host215.ipowerweb.com /public_html/vme/blocks extrablocktwo.php
2005.02.16 22:35 B G:\Documents and Settings\bilbo\My Documents\Programming\Web Sites\Ventaja Designs\1 - site\blocks\googlesearch.php --> host215.ipowerweb.com /public_html/vme/blocks googlesearch.php
2005.02.16 22:35 B G:\Documents and Settings\bilbo\My Documents\Programming\Web Sites\Ventaja Designs\1 - site\blocks\mailinglist.php --> host215.ipowerweb.com /public_html/vme/blocks mailinglist.php
2005.02.16 22:35 B G:\Documents and Settings\bilbo\My Documents\Programming\Web Sites\Ventaja Designs\1 - site\blocks\navigation.php --> host215.ipowerweb.com /public_html/vme/blocks navigation.php
2005.02.16 22:35 B G:\Documents and Settings\bilbo\My Documents\Programming\Web Sites\Ventaja Designs\1 - site\blocks\signin.php --> host215.ipowerweb.com /public_html/vme/blocks signin.php
2005.02.16 22:35 B G:\Documents and Settings\bilbo\My Documents\Programming\Web Sites\Ventaja Designs\1 - site\blocks\statistics.php --> host215.ipowerweb.com /public_html/vme/blocks statistics.php
