2004.08.26 16:09 B E:\Documents and Settings\Adam Knox\Desktop\SKATE WORLD UNCLEAN\public_html\store\images\index_01.gif <-- Skate world /public_html/store/images index_01.gif
2004.08.26 16:09 B E:\Documents and Settings\Adam Knox\Desktop\SKATE WORLD UNCLEAN\public_html\store\images\index_02.gif <-- Skate world /public_html/store/images index_02.gif
2004.08.26 16:09 B E:\Documents and Settings\Adam Knox\Desktop\SKATE WORLD UNCLEAN\public_html\store\images\index_03.gif <-- Skate world /public_html/store/images index_03.gif
2004.08.26 16:09 B E:\Documents and Settings\Adam Knox\Desktop\SKATE WORLD UNCLEAN\public_html\store\images\index_04.gif <-- Skate world /public_html/store/images index_04.gif
2004.08.26 16:09 B E:\Documents and Settings\Adam Knox\Desktop\SKATE WORLD UNCLEAN\public_html\store\images\index_05.gif <-- Skate world /public_html/store/images index_05.gif
2004.08.26 16:09 B E:\Documents and Settings\Adam Knox\Desktop\SKATE WORLD UNCLEAN\public_html\store\images\index_06.gif <-- Skate world /public_html/store/images index_06.gif
2004.08.26 16:09 B E:\Documents and Settings\Adam Knox\Desktop\SKATE WORLD UNCLEAN\public_html\store\images\index_07.gif <-- Skate world /public_html/store/images index_07.gif
2004.08.26 16:09 B E:\Documents and Settings\Adam Knox\Desktop\SKATE WORLD UNCLEAN\public_html\store\images\index_08.gif <-- Skate world /public_html/store/images index_08.gif
2004.08.26 16:09 B E:\Documents and Settings\Adam Knox\Desktop\SKATE WORLD UNCLEAN\public_html\store\images\index_09.gif <-- Skate world /public_html/store/images index_09.gif
2004.08.26 16:09 B E:\Documents and Settings\Adam Knox\Desktop\SKATE WORLD UNCLEAN\public_html\store\images\index_10.gif <-- Skate world /public_html/store/images index_10.gif
2004.08.26 16:09 B E:\Documents and Settings\Adam Knox\Desktop\SKATE WORLD UNCLEAN\public_html\store\images\index_11.gif <-- Skate world /public_html/store/images index_11.gif
2004.08.26 16:09 B E:\Documents and Settings\Adam Knox\Desktop\SKATE WORLD UNCLEAN\public_html\store\images\index_12.gif <-- Skate world /public_html/store/images index_12.gif
2004.08.26 16:09 B E:\Documents and Settings\Adam Knox\Desktop\SKATE WORLD UNCLEAN\public_html\store\images\index_13.gif <-- Skate world /public_html/store/images index_13.gif
2004.08.26 16:09 B E:\Documents and Settings\Adam Knox\Desktop\SKATE WORLD UNCLEAN\public_html\store\images\index_14.gif <-- Skate world /public_html/store/images index_14.gif
2004.08.26 16:09 B E:\Documents and Settings\Adam Knox\Desktop\SKATE WORLD UNCLEAN\public_html\store\images\index_15.gif <-- Skate world /public_html/store/images index_15.gif
2004.08.26 16:09 B E:\Documents and Settings\Adam Knox\Desktop\SKATE WORLD UNCLEAN\public_html\store\images\index_16.gif <-- Skate world /public_html/store/images index_16.gif
2004.08.26 16:09 B E:\Documents and Settings\Adam Knox\Desktop\SKATE WORLD UNCLEAN\public_html\store\images\index_17.gif <-- Skate world /public_html/store/images index_17.gif
2004.08.26 16:09 B E:\Documents and Settings\Adam Knox\Desktop\SKATE WORLD UNCLEAN\public_html\store\images\index_18.gif <-- Skate world /public_html/store/images index_18.gif
2004.08.26 16:09 B E:\Documents and Settings\Adam Knox\Desktop\SKATE WORLD UNCLEAN\public_html\store\images\index_19.gif <-- Skate world /public_html/store/images index_19.gif
2004.08.26 16:09 B E:\Documents and Settings\Adam Knox\Desktop\SKATE WORLD UNCLEAN\public_html\store\images\spacer.gif <-- Skate world /public_html/store/images spacer.gif
2004.08.26 16:09 B E:\Documents and Settings\Adam Knox\Desktop\SKATE WORLD UNCLEAN\public_html\store\images\ventaja88x31.gif <-- Skate world /public_html/store/images ventaja88x31.gif
2004.08.26 16:09 B E:\Documents and Settings\Adam Knox\Desktop\SKATE WORLD UNCLEAN\public_html\store\images\vtemplates.gif <-- Skate world /public_html/store/images vtemplates.gif
2004.08.26 21:44 B E:\Documents and Settings\Adam Knox\Desktop\Skate world redone\ventaja\images\index_01.gif --> ftp.skate-world.net /public_html/ventaja/images index_01.gif
2004.08.26 21:44 B E:\Documents and Settings\Adam Knox\Desktop\Skate world redone\ventaja\images\index_02.gif --> ftp.skate-world.net /public_html/ventaja/images index_02.gif
2004.08.26 21:44 B E:\Documents and Settings\Adam Knox\Desktop\Skate world redone\ventaja\images\index_03.gif --> ftp.skate-world.net /public_html/ventaja/images index_03.gif
2004.08.26 21:44 B E:\Documents and Settings\Adam Knox\Desktop\Skate world redone\ventaja\images\index_04.gif --> ftp.skate-world.net /public_html/ventaja/images index_04.gif
2004.08.26 21:44 B E:\Documents and Settings\Adam Knox\Desktop\Skate world redone\ventaja\images\index_05.gif --> ftp.skate-world.net /public_html/ventaja/images index_05.gif
2004.08.26 21:44 B E:\Documents and Settings\Adam Knox\Desktop\Skate world redone\ventaja\images\index_06.gif --> ftp.skate-world.net /public_html/ventaja/images index_06.gif
2004.08.26 21:44 B E:\Documents and Settings\Adam Knox\Desktop\Skate world redone\ventaja\images\index_07.gif --> ftp.skate-world.net /public_html/ventaja/images index_07.gif
2004.08.26 21:44 B E:\Documents and Settings\Adam Knox\Desktop\Skate world redone\ventaja\images\index_08.gif --> ftp.skate-world.net /public_html/ventaja/images index_08.gif
2004.08.26 21:44 B E:\Documents and Settings\Adam Knox\Desktop\Skate world redone\ventaja\images\index_09.gif --> ftp.skate-world.net /public_html/ventaja/images index_09.gif
2004.08.26 21:44 B E:\Documents and Settings\Adam Knox\Desktop\Skate world redone\ventaja\images\index_10.gif --> ftp.skate-world.net /public_html/ventaja/images index_10.gif
2004.08.26 21:44 B E:\Documents and Settings\Adam Knox\Desktop\Skate world redone\ventaja\images\index_11.gif --> ftp.skate-world.net /public_html/ventaja/images index_11.gif
2004.08.26 21:44 B E:\Documents and Settings\Adam Knox\Desktop\Skate world redone\ventaja\images\index_12.gif --> ftp.skate-world.net /public_html/ventaja/images index_12.gif
2004.08.26 21:44 B E:\Documents and Settings\Adam Knox\Desktop\Skate world redone\ventaja\images\index_13.gif --> ftp.skate-world.net /public_html/ventaja/images index_13.gif
2004.08.26 21:44 B E:\Documents and Settings\Adam Knox\Desktop\Skate world redone\ventaja\images\index_14.gif --> ftp.skate-world.net /public_html/ventaja/images index_14.gif
2004.08.26 21:44 B E:\Documents and Settings\Adam Knox\Desktop\Skate world redone\ventaja\images\index_15.gif --> ftp.skate-world.net /public_html/ventaja/images index_15.gif
2004.08.26 21:44 B E:\Documents and Settings\Adam Knox\Desktop\Skate world redone\ventaja\images\index_16.gif --> ftp.skate-world.net /public_html/ventaja/images index_16.gif
2004.08.26 21:44 B E:\Documents and Settings\Adam Knox\Desktop\Skate world redone\ventaja\images\index_17.gif --> ftp.skate-world.net /public_html/ventaja/images index_17.gif
2004.08.26 21:44 B E:\Documents and Settings\Adam Knox\Desktop\Skate world redone\ventaja\images\index_18.gif --> ftp.skate-world.net /public_html/ventaja/images index_18.gif
2004.08.26 21:44 B E:\Documents and Settings\Adam Knox\Desktop\Skate world redone\ventaja\images\index_19.gif --> ftp.skate-world.net /public_html/ventaja/images index_19.gif
2004.08.26 21:44 B E:\Documents and Settings\Adam Knox\Desktop\Skate world redone\ventaja\images\spacer.gif --> ftp.skate-world.net /public_html/ventaja/images spacer.gif
2004.08.26 21:44 B E:\Documents and Settings\Adam Knox\Desktop\Skate world redone\ventaja\images\ventaja88x31.gif --> ftp.skate-world.net /public_html/ventaja/images ventaja88x31.gif
2004.08.26 21:45 B E:\Documents and Settings\Adam Knox\Desktop\Skate world redone\ventaja\images\vtemplates.gif --> ftp.skate-world.net /public_html/ventaja/images vtemplates.gif
2004.09.08 08:03 B E:\Documents and Settings\Adam Knox\Desktop\Skate World\subdomains\Ventaja Designs\6 Old Designs\V1\images\WS_FTP.LOG <-- Skate world /public_html/ventaja/images WS_FTP.LOG
