2003.11.15 12:55 B E:\Documents and Settings\Adam Knox\My Documents\Web Sites\future skate world\html\current design\submit\contact_us1.html --> ftp.skate-world.net /public_html/betasite/submit contact_us1.html
2003.11.15 12:56 B E:\Documents and Settings\Adam Knox\My Documents\Web Sites\future skate world\html\current design\submit\submit2.html --> ftp.skate-world.net /public_html/betasite/submit submit2.html
2003.11.15 12:56 B E:\Documents and Settings\Adam Knox\My Documents\Web Sites\future skate world\html\current design\submit\submit3.html --> ftp.skate-world.net /public_html/betasite/submit submit3.html
2003.11.16 01:23 B E:\Documents and Settings\Adam Knox\My Documents\Web Sites\future skate world\html\current design\site\submit\contact_us1.html --> ftp.skate-world.net /public_html/betasite/site/submit contact_us1.html
2003.11.16 01:23 B E:\Documents and Settings\Adam Knox\My Documents\Web Sites\future skate world\html\current design\site\submit\contact_us2.html --> ftp.skate-world.net /public_html/betasite/site/submit contact_us2.html
2003.11.16 01:23 B E:\Documents and Settings\Adam Knox\My Documents\Web Sites\future skate world\html\current design\site\submit\submit2.html --> ftp.skate-world.net /public_html/betasite/site/submit submit2.html
2003.11.16 01:23 B E:\Documents and Settings\Adam Knox\My Documents\Web Sites\future skate world\html\current design\site\submit\submit3.html --> ftp.skate-world.net /public_html/betasite/site/submit submit3.html
2003.11.16 01:23 B E:\Documents and Settings\Adam Knox\My Documents\Web Sites\future skate world\html\current design\site\submit\submit4.html --> ftp.skate-world.net /public_html/betasite/site/submit submit4.html
2003.11.16 01:23 B E:\Documents and Settings\Adam Knox\My Documents\Web Sites\future skate world\html\current design\site\submit\submit5.html --> ftp.skate-world.net /public_html/betasite/site/submit submit5.html
2003.11.16 01:23 B E:\Documents and Settings\Adam Knox\My Documents\Web Sites\future skate world\html\current design\site\submit\submit6.html --> ftp.skate-world.net /public_html/betasite/site/submit submit6.html
2003.11.16 01:23 B E:\Documents and Settings\Adam Knox\My Documents\Web Sites\future skate world\html\current design\site\submit\submit7.html --> ftp.skate-world.net /public_html/betasite/site/submit submit7.html
2003.11.16 01:23 B E:\Documents and Settings\Adam Knox\My Documents\Web Sites\future skate world\html\current design\site\submit\submit8.html --> ftp.skate-world.net /public_html/betasite/site/submit submit8.html
2003.11.16 01:23 B E:\Documents and Settings\Adam Knox\My Documents\Web Sites\future skate world\html\current design\site\submit\WS_FTP.LOG --> ftp.skate-world.net /public_html/betasite/site/submit WS_FTP.LOG
2003.11.29 13:45 B E:\Documents and Settings\Adam Knox\My Documents\Web Sites\future skate world\html\current design\site\submit\contact.html --> ftp.skate-world.net /public_html/site/submit contact.html
2003.11.29 13:45 B E:\Documents and Settings\Adam Knox\My Documents\Web Sites\future skate world\html\current design\site\submit\contact_us1.html --> ftp.skate-world.net /public_html/site/submit contact_us1.html
2003.11.29 13:45 B E:\Documents and Settings\Adam Knox\My Documents\Web Sites\future skate world\html\current design\site\submit\contact_us2.html --> ftp.skate-world.net /public_html/site/submit contact_us2.html
2003.11.29 13:45 B E:\Documents and Settings\Adam Knox\My Documents\Web Sites\future skate world\html\current design\site\submit\contact_us3.html --> ftp.skate-world.net /public_html/site/submit contact_us3.html
2003.11.29 13:45 B E:\Documents and Settings\Adam Knox\My Documents\Web Sites\future skate world\html\current design\site\submit\disabled.html --> ftp.skate-world.net /public_html/site/submit disabled.html
2003.11.29 13:45 B E:\Documents and Settings\Adam Knox\My Documents\Web Sites\future skate world\html\current design\site\submit\submit2.html --> ftp.skate-world.net /public_html/site/submit submit2.html
2003.11.29 13:45 B E:\Documents and Settings\Adam Knox\My Documents\Web Sites\future skate world\html\current design\site\submit\submit3.html --> ftp.skate-world.net /public_html/site/submit submit3.html
2003.11.29 13:45 B E:\Documents and Settings\Adam Knox\My Documents\Web Sites\future skate world\html\current design\site\submit\submit4.html --> ftp.skate-world.net /public_html/site/submit submit4.html
2003.11.29 13:45 B E:\Documents and Settings\Adam Knox\My Documents\Web Sites\future skate world\html\current design\site\submit\submit5.html --> ftp.skate-world.net /public_html/site/submit submit5.html
2003.11.29 13:45 B E:\Documents and Settings\Adam Knox\My Documents\Web Sites\future skate world\html\current design\site\submit\submit6.html --> ftp.skate-world.net /public_html/site/submit submit6.html
2003.11.29 13:45 B E:\Documents and Settings\Adam Knox\My Documents\Web Sites\future skate world\html\current design\site\submit\submit7.html --> ftp.skate-world.net /public_html/site/submit submit7.html
2003.11.29 13:45 B E:\Documents and Settings\Adam Knox\My Documents\Web Sites\future skate world\html\current design\site\submit\submit8.html --> ftp.skate-world.net /public_html/site/submit submit8.html
2003.11.29 13:45 B E:\Documents and Settings\Adam Knox\My Documents\Web Sites\future skate world\html\current design\site\submit\WS_FTP.LOG --> ftp.skate-world.net /public_html/site/submit WS_FTP.LOG
